<?xml version="1.0" encoding="UTF-8"?>
<testsuite xmlns:xsi="http://www.w3.org/2001/XMLSchema-instance" xsi:noNamespaceSchemaLocation="https://maven.apache.org/surefire/maven-surefire-plugin/xsd/surefire-test-report-3.0.xsd" version="3.0" name="com.example.pulse.model.MarketTickTest" time="0.137" tests="6" errors="0" skipped="0" failures="0">
  <properties>
[...]
</properties>
  <testcase name="shouldDeserializeJsonToMarketTick" classname="com.example.pulse.model.MarketTickTest" time="0.101"/>
  <testcase name="shouldSerializeMarketTickToJson" classname="com.example.pulse.model.MarketTickTest" time="0.012"/>
  <testcase name="shouldHandleEdgeCasesAndDataTypeBoundaries" classname="com.example.pulse.model.MarketTickTest" time="0.003"/>
  <testcase name="shouldSetIngestionTimestampOnCreation" classname="com.example.pulse.model.MarketTickTest" time="0.002"/>
  <testcase name="shouldHandleMissingJsonFields" classname="com.example.pulse.model.MarketTickTest" time="0.002"/>
  <testcase name="shouldMaintainDataIntegrityInRoundTrip" classname="com.example.pulse.model.MarketTickTest" time="0.005"/>
</testsuite>